<html>
<head>
<title>TestNG:  Exercise Test</title>
<link href="../testng.css" rel="stylesheet" type="text/css" />
<link href="../my-testng.css" rel="stylesheet" type="text/css" />

<style type="text/css">
.log { display: none;} 
.stack-trace { display: none;} 
</style>
<script type="text/javascript">
<!--
function flip(e) {
  current = e.style.display;
  if (current == 'block') {
    e.style.display = 'none';
    return 0;
  }
  else {
    e.style.display = 'block';
    return 1;
  }
}

function toggleBox(szDivId, elem, msg1, msg2)
{
  var res = -1;  if (document.getElementById) {
    res = flip(document.getElementById(szDivId));
  }
  else if (document.all) {
    // this is the way old msie versions work
    res = flip(document.all[szDivId]);
  }
  if(elem) {
    if(res == 0) elem.innerHTML = msg1; else elem.innerHTML = msg2;
  }

}

function toggleAllBoxes() {
  if (document.getElementsByTagName) {
    d = document.getElementsByTagName('div');
    for (i = 0; i < d.length; i++) {
      if (d[i].className == 'log') {
        flip(d[i]);
      }
    }
  }
}

// -->
</script>

</head>
<body>
<h2 align='center'>Exercise Test</h2><table border='1' align="center">
<tr>
<td>Tests passed/Failed/Skipped:</td><td>6/1/0</td>
</tr><tr>
<td>Started on:</td><td>Sun Feb 03 21:52:13 GMT 2019</td>
</tr>
<tr><td>Total time:</td><td>76 seconds (76015 ms)</td>
</tr><tr>
<td>Included groups:</td><td></td>
</tr><tr>
<td>Excluded groups:</td><td></td>
</tr>
</table><p/>
<small><i>(Hover the method name to see the test class name)</i></small><p/>
<table width='100%' border='1' class='invocation-failed'>
<tr><td colspan='4' align='center'><b>FAILED TESTS</b></td></tr>
<tr><td><b>Test method</b></td>
<td width="30%"><b>Exception</b></td>
<td width="10%"><b>Time (seconds)</b></td>
<td><b>Instance</b></td>
</tr>
<tr>
<td title='com.exercise.Test.Test3.testColorFailure()'><b>testColorFailure</b><br>Test class: com.exercise.Test.Test3<br>Test method: Test to check the color of the already ordered product and making it fail</td>
<td><div><pre>java.lang.AssertionError: expected [Black] but found [ : Orange]
	at com.exercise.Test.Test3.testColorFailure(Test3.java:34)
... Removed 31 stack frames</pre></div><a href='#' onClick='toggleBox("stack-trace1978209605", this, "Click to show all stack frames", "Click to hide stack frames")'>Click to show all stack frames</a>
<div class='stack-trace' id='stack-trace1978209605'><pre>java.lang.AssertionError: expected [Black] but found [ : Orange]
	at org.testng.Assert.fail(Assert.java:94)
	at org.testng.Assert.failNotEquals(Assert.java:513)
	at org.testng.Assert.assertEqualsImpl(Assert.java:135)
	at org.testng.Assert.assertEquals(Assert.java:116)
	at org.testng.Assert.assertEquals(Assert.java:190)
	at org.testng.Assert.assertEquals(Assert.java:200)
	at com.exercise.Test.Test3.testColorFailure(Test3.java:34)
	at sun.reflect.NativeMethodAccessorImpl.invoke0(Native Method)
	at sun.reflect.NativeMethodAccessorImpl.invoke(Unknown Source)
	at sun.reflect.DelegatingMethodAccessorImpl.invoke(Unknown Source)
	at java.lang.reflect.Method.invoke(Unknown Source)
	at org.testng.internal.MethodInvocationHelper.invokeMethod(MethodInvocationHelper.java:104)
	at org.testng.internal.Invoker.invokeMethod(Invoker.java:645)
	at org.testng.internal.Invoker.invokeTestMethod(Invoker.java:851)
	at org.testng.internal.Invoker.invokeTestMethods(Invoker.java:1177)
	at org.testng.internal.TestMethodWorker.invokeTestMethods(TestMethodWorker.java:129)
	at org.testng.internal.TestMethodWorker.run(TestMethodWorker.java:112)
	at org.testng.TestRunner.privateRun(TestRunner.java:756)
	at org.testng.TestRunner.run(TestRunner.java:610)
	at org.testng.SuiteRunner.runTest(SuiteRunner.java:387)
	at org.testng.SuiteRunner.runSequentially(SuiteRunner.java:382)
	at org.testng.SuiteRunner.privateRun(SuiteRunner.java:340)
	at org.testng.SuiteRunner.run(SuiteRunner.java:289)
	at org.testng.SuiteRunnerWorker.runSuite(SuiteRunnerWorker.java:52)
	at org.testng.SuiteRunnerWorker.run(SuiteRunnerWorker.java:86)
	at org.testng.TestNG.runSuitesSequentially(TestNG.java:1293)
	at org.testng.TestNG.runSuitesLocally(TestNG.java:1218)
	at org.testng.TestNG.runSuites(TestNG.java:1133)
	at org.testng.TestNG.run(TestNG.java:1104)
	at org.testng.remote.AbstractRemoteTestNG.run(AbstractRemoteTestNG.java:114)
	at org.testng.remote.RemoteTestNG.initAndRun(RemoteTestNG.java:251)
	at org.testng.remote.RemoteTestNG.main(RemoteTestNG.java:77)
</pre></div></td>
<td>10</td>
<td>com.exercise.Test.Test3@222114ba</td></tr>
</table><p>
<table width='100%' border='1' class='invocation-passed'>
<tr><td colspan='4' align='center'><b>PASSED TESTS</b></td></tr>
<tr><td><b>Test method</b></td>
<td width="30%"><b>Exception</b></td>
<td width="10%"><b>Time (seconds)</b></td>
<td><b>Instance</b></td>
</tr>
<tr>
<td title='com.exercise.Test.Test1.AddToShoppingCart()'><b>AddToShoppingCart</b><br>Test class: com.exercise.Test.Test1</td>
<td></td>
<td>21</td>
<td>com.exercise.Test.Test1@3c72f59f</td></tr>
<tr>
<td title='com.exercise.Test.Test2.testMessageSaving()'><b>testMessageSaving</b><br>Test class: com.exercise.Test.Test2</td>
<td></td>
<td>12</td>
<td>com.exercise.Test.Test2@60dcc9fe</td></tr>
<tr>
<td title='com.exercise.Test.Test4.testingOfDELETE()'><b>testingOfDELETE</b><br>Test class: com.exercise.Test.Test4</td>
<td></td>
<td>1</td>
<td>com.exercise.Test.Test4@16e7dcfd</td></tr>
<tr>
<td title='com.exercise.Test.Test4.testingOfGET()'><b>testingOfGET</b><br>Test class: com.exercise.Test.Test4</td>
<td></td>
<td>0</td>
<td>com.exercise.Test.Test4@16e7dcfd</td></tr>
<tr>
<td title='com.exercise.Test.Test4.testingOfPOST()'><b>testingOfPOST</b><br>Test class: com.exercise.Test.Test4</td>
<td></td>
<td>0</td>
<td>com.exercise.Test.Test4@16e7dcfd</td></tr>
<tr>
<td title='com.exercise.Test.Test4.testingOfPUT()'><b>testingOfPUT</b><br>Test class: com.exercise.Test.Test4</td>
<td></td>
<td>0</td>
<td>com.exercise.Test.Test4@16e7dcfd</td></tr>
</table><p>
</body>
</html>